<?xml version="1.0" encoding="UTF-8"?>
<coverage generated="1629137073">
  <project timestamp="1629137073">
    <file name="/home/dani/Projects/atom/web/src/Application.php">
      <class name="Atom\Framework\Application" namespace="global">
        <metrics complexity="34" methods="29" coveredmethods="29" conditionals="0" coveredconditionals="0" statements="51" coveredstatements="51" elements="80" coveredelements="80"/>
      </class>
      <line num="59" type="method" name="__construct" visibility="public" complexity="3" crap="3" count="45"/>
      <line num="64" type="stmt" count="45"/>
      <line num="65" type="stmt" count="45"/>
      <line num="66" type="stmt" count="39"/>
      <line num="68" type="stmt" count="45"/>
      <line num="81" type="method" name="create" visibility="public" complexity="1" crap="1" count="24"/>
      <line num="85" type="stmt" count="24"/>
      <line num="91" type="method" name="with" visibility="public" complexity="1" crap="1" count="6"/>
      <line num="93" type="stmt" count="6"/>
      <line num="102" type="method" name="of" visibility="public" complexity="1" crap="1" count="45"/>
      <line num="104" type="stmt" count="45"/>
      <line num="113" type="method" name="prod" visibility="public" complexity="1" crap="1" count="1"/>
      <line num="115" type="stmt" count="1"/>
      <line num="124" type="method" name="dev" visibility="public" complexity="1" crap="1" count="1"/>
      <line num="126" type="stmt" count="1"/>
      <line num="135" type="method" name="test" visibility="public" complexity="1" crap="1" count="1"/>
      <line num="137" type="stmt" count="1"/>
      <line num="146" type="method" name="staging" visibility="public" complexity="1" crap="1" count="1"/>
      <line num="148" type="stmt" count="1"/>
      <line num="158" type="method" name="run" visibility="public" complexity="1" crap="1" count="1"/>
      <line num="160" type="stmt" count="1"/>
      <line num="161" type="stmt" count="1"/>
      <line num="162" type="stmt" count="1"/>
      <line num="171" type="method" name="withRouting" visibility="public" complexity="1" crap="1" count="1"/>
      <line num="173" type="stmt" count="1"/>
      <line num="174" type="stmt" count="1"/>
      <line num="186" type="method" name="handle" visibility="public" complexity="1" crap="1" count="2"/>
      <line num="188" type="stmt" count="2"/>
      <line num="189" type="stmt" count="2"/>
      <line num="199" type="method" name="emit" visibility="public" complexity="1" crap="1" count="1"/>
      <line num="201" type="stmt" count="1"/>
      <line num="202" type="stmt" count="1"/>
      <line num="204" type="method" name="container" visibility="public" complexity="1" crap="1" count="32"/>
      <line num="206" type="stmt" count="32"/>
      <line num="209" type="method" name="eventDispatcher" visibility="public" complexity="1" crap="1" count="1"/>
      <line num="211" type="stmt" count="1"/>
      <line num="221" type="method" name="requestHandler" visibility="public" complexity="2" crap="2" count="22"/>
      <line num="223" type="stmt" count="22"/>
      <line num="224" type="stmt" count="22"/>
      <line num="226" type="stmt" count="22"/>
      <line num="236" type="method" name="emitter" visibility="public" complexity="1" crap="1" count="1"/>
      <line num="238" type="stmt" count="1"/>
      <line num="248" type="method" name="path" visibility="public" complexity="2" crap="2" count="2"/>
      <line num="250" type="stmt" count="2"/>
      <line num="251" type="stmt" count="2"/>
      <line num="253" type="stmt" count="2"/>
      <line num="263" type="method" name="router" visibility="public" complexity="2" crap="2" count="8"/>
      <line num="265" type="stmt" count="8"/>
      <line num="266" type="stmt" count="8"/>
      <line num="268" type="stmt" count="8"/>
      <line num="282" type="method" name="group" visibility="public" complexity="1" crap="1" count="1"/>
      <line num="284" type="stmt" count="1"/>
      <line num="285" type="stmt" count="1"/>
      <line num="297" type="method" name="add" visibility="public" complexity="1" crap="1" count="3"/>
      <line num="299" type="stmt" count="3"/>
      <line num="300" type="stmt" count="3"/>
      <line num="301" type="stmt" count="3"/>
      <line num="312" type="method" name="middlewares" visibility="public" complexity="1" crap="1" count="1"/>
      <line num="314" type="stmt" count="1"/>
      <line num="315" type="stmt" count="1"/>
      <line num="316" type="stmt" count="1"/>
      <line num="322" type="method" name="kernel" visibility="public" complexity="1" crap="1" count="25"/>
      <line num="324" type="stmt" count="25"/>
      <line num="330" type="method" name="getRegisteredProviders" visibility="public" complexity="1" crap="1" count="3"/>
      <line num="332" type="stmt" count="3"/>
      <line num="342" type="method" name="registerRoute" visibility="protected" complexity="1" crap="1" count="2"/>
      <line num="344" type="stmt" count="2"/>
      <line num="345" type="stmt" count="2"/>
      <line num="347" type="method" name="env" visibility="public" complexity="1" crap="1" count="5"/>
      <line num="349" type="stmt" count="5"/>
      <line num="358" type="method" name="use" visibility="public" complexity="1" crap="1" count="2"/>
      <line num="360" type="stmt" count="2"/>
      <line num="361" type="stmt" count="1"/>
      <line num="370" type="method" name="providers" visibility="public" complexity="1" crap="1" count="16"/>
      <line num="372" type="stmt" count="16"/>
      <line num="373" type="stmt" count="16"/>
      <line num="383" type="method" name="respond" visibility="public" complexity="1" crap="1" count="1"/>
      <line num="385" type="stmt" count="1"/>
      <line num="388" type="method" name="getKernel" visibility="public" complexity="1" crap="1" count="1"/>
      <line num="390" type="stmt" count="1"/>
      <metrics loc="392" ncloc="216" classes="1" methods="29" coveredmethods="29" conditionals="0" coveredconditionals="0" statements="51" coveredstatements="51" elements="80" coveredelements="80"/>
    </file>
    <file name="/home/dani/Projects/atom/web/src/ApplicationFactory.php">
      <class name="Atom\Framework\ApplicationFactory" namespace="global">
        <metrics complexity="17" methods="16" coveredmethods="16" conditionals="0" coveredconditionals="0" statements="35" coveredstatements="35" elements="51" coveredelements="51"/>
      </class>
      <line num="35" type="method" name="with" visibility="public" complexity="1" crap="1" count="10"/>
      <line num="37" type="stmt" count="10"/>
      <line num="40" type="method" name="new" visibility="public" complexity="1" crap="1" count="11"/>
      <line num="42" type="stmt" count="11"/>
      <line num="52" type="method" name="create" visibility="public" complexity="1" crap="1" count="15"/>
      <line num="54" type="stmt" count="15"/>
      <line num="55" type="stmt" count="15"/>
      <line num="56" type="stmt" count="15"/>
      <line num="57" type="stmt" count="15"/>
      <line num="58" type="stmt" count="15"/>
      <line num="66" type="method" name="container" visibility="public" complexity="1" crap="1" count="2"/>
      <line num="68" type="stmt" count="2"/>
      <line num="69" type="stmt" count="2"/>
      <line num="76" type="method" name="eventDispatcher" visibility="public" complexity="1" crap="1" count="3"/>
      <line num="78" type="stmt" count="3"/>
      <line num="79" type="stmt" count="3"/>
      <line num="86" type="method" name="router" visibility="public" complexity="1" crap="1" count="2"/>
      <line num="88" type="stmt" count="2"/>
      <line num="89" type="stmt" count="2"/>
      <line num="96" type="method" name="requestHandler" visibility="public" complexity="1" crap="1" count="3"/>
      <line num="98" type="stmt" count="3"/>
      <line num="99" type="stmt" count="3"/>
      <line num="106" type="method" name="emitter" visibility="public" complexity="1" crap="1" count="2"/>
      <line num="108" type="stmt" count="2"/>
      <line num="109" type="stmt" count="2"/>
      <line num="116" type="method" name="kernel" visibility="public" complexity="1" crap="1" count="1"/>
      <line num="118" type="stmt" count="1"/>
      <line num="119" type="stmt" count="1"/>
      <line num="126" type="method" name="in" visibility="public" complexity="1" crap="1" count="1"/>
      <line num="128" type="stmt" count="1"/>
      <line num="129" type="stmt" count="1"/>
      <line num="136" type="method" name="env" visibility="public" complexity="1" crap="1" count="1"/>
      <line num="138" type="stmt" count="1"/>
      <line num="145" type="method" name="providers" visibility="public" complexity="1" crap="1" count="1"/>
      <line num="147" type="stmt" count="1"/>
      <line num="148" type="stmt" count="1"/>
      <line num="151" type="method" name="getEnv" visibility="private" complexity="1" crap="1" count="14"/>
      <line num="153" type="stmt" count="14"/>
      <line num="162" type="method" name="makeKernel" visibility="private" complexity="2" crap="2" count="15"/>
      <line num="164" type="stmt" count="15"/>
      <line num="165" type="stmt" count="1"/>
      <line num="167" type="stmt" count="14"/>
      <line num="170" type="method" name="makeServiceProvider" visibility="private" complexity="1" crap="1" count="15"/>
      <line num="172" type="stmt" count="15"/>
      <line num="173" type="stmt" count="15"/>
      <line num="174" type="stmt" count="15"/>
      <line num="175" type="stmt" count="15"/>
      <line num="176" type="stmt" count="15"/>
      <line num="183" type="method" name="publicPath" visibility="public" complexity="1" crap="1" count="1"/>
      <line num="185" type="stmt" count="1"/>
      <line num="186" type="stmt" count="1"/>
      <metrics loc="188" ncloc="128" classes="1" methods="16" coveredmethods="16" conditionals="0" coveredconditionals="0" statements="35" coveredstatements="35" elements="51" coveredelements="51"/>
    </file>
    <file name="/home/dani/Projects/atom/web/src/CallableServiceProvider.php">
      <class name="Atom\Framework\CallableServiceProvider" namespace="global">
        <metrics complexity="3" methods="3" coveredmethods="3" conditionals="0" coveredconditionals="0" statements="6" coveredstatements="6" elements="9" coveredelements="9"/>
      </class>
      <line num="13" type="method" name="__construct" visibility="public" complexity="1" crap="1" count="3"/>
      <line num="15" type="stmt" count="3"/>
      <line num="16" type="stmt" count="3"/>
      <line num="18" type="method" name="register" visibility="public" complexity="1" crap="1" count="1"/>
      <line num="20" type="stmt" count="1"/>
      <line num="21" type="stmt" count="1"/>
      <line num="22" type="stmt" count="1"/>
      <line num="27" type="method" name="getCallable" visibility="public" complexity="1" crap="1" count="2"/>
      <line num="29" type="stmt" count="2"/>
      <metrics loc="31" ncloc="25" classes="1" methods="3" coveredmethods="3" conditionals="0" coveredconditionals="0" statements="6" coveredstatements="6" elements="9" coveredelements="9"/>
    </file>
    <file name="/home/dani/Projects/atom/web/src/Contracts/DiskContract.php">
      <metrics loc="14" ncloc="14" classes="0" methods="0" coveredmethods="0" conditionals="0" coveredconditionals="0" statements="0" coveredstatements="0" elements="0" coveredelements="0"/>
    </file>
    <file name="/home/dani/Projects/atom/web/src/Contracts/DiskManagerContract.php">
      <metrics loc="32" ncloc="18" classes="0" methods="0" coveredmethods="0" conditionals="0" coveredconditionals="0" statements="0" coveredstatements="0" elements="0" coveredelements="0"/>
    </file>
    <file name="/home/dani/Projects/atom/web/src/Contracts/EmitterContract.php">
      <metrics loc="11" ncloc="11" classes="0" methods="0" coveredmethods="0" conditionals="0" coveredconditionals="0" statements="0" coveredstatements="0" elements="0" coveredelements="0"/>
    </file>
    <file name="/home/dani/Projects/atom/web/src/Contracts/HasKernel.php">
      <metrics loc="13" ncloc="13" classes="0" methods="0" coveredmethods="0" conditionals="0" coveredconditionals="0" statements="0" coveredstatements="0" elements="0" coveredelements="0"/>
    </file>
    <file name="/home/dani/Projects/atom/web/src/Contracts/PipelineProcessorContract.php">
      <metrics loc="13" ncloc="13" classes="0" methods="0" coveredmethods="0" conditionals="0" coveredconditionals="0" statements="0" coveredstatements="0" elements="0" coveredelements="0"/>
    </file>
    <file name="/home/dani/Projects/atom/web/src/Contracts/RendererContract.php">
      <metrics loc="12" ncloc="12" classes="0" methods="0" coveredmethods="0" conditionals="0" coveredconditionals="0" statements="0" coveredstatements="0" elements="0" coveredelements="0"/>
    </file>
    <file name="/home/dani/Projects/atom/web/src/Contracts/RendererExtensionProvider.php">
      <metrics loc="9" ncloc="9" classes="0" methods="0" coveredmethods="0" conditionals="0" coveredconditionals="0" statements="0" coveredstatements="0" elements="0" coveredelements="0"/>
    </file>
    <file name="/home/dani/Projects/atom/web/src/Contracts/ServiceProviderContract.php">
      <metrics loc="11" ncloc="11" classes="0" methods="0" coveredmethods="0" conditionals="0" coveredconditionals="0" statements="0" coveredstatements="0" elements="0" coveredelements="0"/>
    </file>
    <file name="/home/dani/Projects/atom/web/src/Contracts/StreamEmitterContract.php">
      <metrics loc="11" ncloc="11" classes="0" methods="0" coveredmethods="0" conditionals="0" coveredconditionals="0" statements="0" coveredstatements="0" elements="0" coveredelements="0"/>
    </file>
    <file name="/home/dani/Projects/atom/web/src/Contracts/ValidatedRequestContract.php">
      <metrics loc="15" ncloc="15" classes="0" methods="0" coveredmethods="0" conditionals="0" coveredconditionals="0" statements="0" coveredstatements="0" elements="0" coveredelements="0"/>
    </file>
    <file name="/home/dani/Projects/atom/web/src/Env.php">
      <class name="Atom\Framework\Env" namespace="global">
        <metrics complexity="30" methods="16" coveredmethods="15" conditionals="0" coveredconditionals="0" statements="55" coveredstatements="54" elements="71" coveredelements="69"/>
      </class>
      <line num="42" type="method" name="default" visibility="public" complexity="1" crap="1" count="1"/>
      <line num="44" type="stmt" count="1"/>
      <line num="45" type="stmt" count="1"/>
      <line num="46" type="stmt" count="1"/>
      <line num="48" type="method" name="getDefaultEnv" visibility="public" complexity="1" crap="1" count="1"/>
      <line num="50" type="stmt" count="1"/>
      <line num="53" type="method" name="addAllowedEnv" visibility="public" complexity="2" crap="2" count="1"/>
      <line num="55" type="stmt" count="1"/>
      <line num="56" type="stmt" count="1"/>
      <line num="58" type="stmt" count="1"/>
      <line num="60" type="method" name="create" visibility="public" complexity="1" crap="1" count="5"/>
      <line num="62" type="stmt" count="5"/>
      <line num="65" type="method" name="__construct" visibility="public" complexity="1" crap="1" count="82"/>
      <line num="67" type="stmt" count="82"/>
      <line num="68" type="stmt" count="82"/>
      <line num="69" type="stmt" count="81"/>
      <line num="70" type="stmt" count="81"/>
      <line num="71" type="stmt" count="81"/>
      <line num="77" type="method" name="is" visibility="public" complexity="1" crap="1" count="9"/>
      <line num="79" type="stmt" count="9"/>
      <line num="85" type="method" name="isProduction" visibility="public" complexity="1" crap="1" count="5"/>
      <line num="87" type="stmt" count="5"/>
      <line num="93" type="method" name="isTesting" visibility="public" complexity="1" crap="1" count="2"/>
      <line num="95" type="stmt" count="2"/>
      <line num="101" type="method" name="isDev" visibility="public" complexity="1" crap="1" count="2"/>
      <line num="103" type="stmt" count="2"/>
      <line num="109" type="method" name="isStaging" visibility="public" complexity="1" crap="1" count="5"/>
      <line num="111" type="stmt" count="5"/>
      <line num="117" type="method" name="dotEnv" visibility="public" complexity="2" crap="2" count="45"/>
      <line num="119" type="stmt" count="45"/>
      <line num="120" type="stmt" count="45"/>
      <line num="121" type="stmt" count="45"/>
      <line num="122" type="stmt" count="45"/>
      <line num="125" type="stmt" count="45"/>
      <line num="133" type="method" name="get" visibility="public" complexity="11" crap="11" count="2"/>
      <line num="135" type="stmt" count="2"/>
      <line num="136" type="stmt" count="2"/>
      <line num="137" type="stmt" count="2"/>
      <line num="138" type="stmt" count="2"/>
      <line num="139" type="stmt" count="2"/>
      <line num="140" type="stmt" count="1"/>
      <line num="141" type="stmt" count="2"/>
      <line num="142" type="stmt" count="2"/>
      <line num="143" type="stmt" count="1"/>
      <line num="144" type="stmt" count="2"/>
      <line num="145" type="stmt" count="2"/>
      <line num="146" type="stmt" count="0"/>
      <line num="147" type="stmt" count="2"/>
      <line num="148" type="stmt" count="2"/>
      <line num="149" type="stmt" count="1"/>
      <line num="151" type="stmt" count="2"/>
      <line num="152" type="stmt" count="1"/>
      <line num="154" type="stmt" count="1"/>
      <line num="155" type="stmt" count="2"/>
      <line num="156" type="stmt" count="2"/>
      <line num="157" type="stmt" count="2"/>
      <line num="158" type="stmt" count="2"/>
      <line num="165" type="method" name="has" visibility="public" complexity="1" crap="1" count="1"/>
      <line num="167" type="stmt" count="1"/>
      <line num="171" type="method" name="__toString" visibility="public" complexity="1" crap="1" count="5"/>
      <line num="173" type="stmt" count="5"/>
      <line num="179" type="method" name="getRepository" visibility="private" complexity="2" crap="2" count="47"/>
      <line num="181" type="stmt" count="47"/>
      <line num="182" type="stmt" count="47"/>
      <line num="183" type="stmt" count="47"/>
      <line num="185" type="stmt" count="47"/>
      <line num="191" type="method" name="validateEnv" visibility="private" complexity="2" crap="2" count="82"/>
      <line num="193" type="stmt" count="82"/>
      <line num="194" type="stmt" count="1"/>
      <line num="195" type="stmt" count="1"/>
      <line num="198" type="stmt" count="81"/>
      <metrics loc="199" ncloc="153" classes="1" methods="16" coveredmethods="15" conditionals="0" coveredconditionals="0" statements="55" coveredstatements="54" elements="71" coveredelements="69"/>
    </file>
    <file name="/home/dani/Projects/atom/web/src/Events/MiddlewareLoaded.php">
      <class name="Atom\Framework\Events\MiddlewareLoaded" namespace="global">
        <metrics complexity="2" methods="2" coveredmethods="1" conditionals="0" coveredconditionals="0" statements="3" coveredstatements="2" elements="5" coveredelements="3"/>
      </class>
      <line num="16" type="method" name="__construct" visibility="public" complexity="1" crap="1" count="7"/>
      <line num="18" type="stmt" count="7"/>
      <line num="19" type="stmt" count="7"/>
      <line num="21" type="method" name="getRelatedMiddleware" visibility="public" complexity="1" crap="2" count="0"/>
      <line num="23" type="stmt" count="0"/>
      <metrics loc="25" ncloc="22" classes="1" methods="2" coveredmethods="1" conditionals="0" coveredconditionals="0" statements="3" coveredstatements="2" elements="5" coveredelements="3"/>
    </file>
    <file name="/home/dani/Projects/atom/web/src/Events/ServiceProviderRegistered.php">
      <class name="Atom\Framework\Events\ServiceProviderRegistered" namespace="global">
        <metrics complexity="2" methods="2" coveredmethods="1" conditionals="0" coveredconditionals="0" statements="3" coveredstatements="2" elements="5" coveredelements="3"/>
      </class>
      <line num="15" type="method" name="__construct" visibility="public" complexity="1" crap="1" count="50"/>
      <line num="17" type="stmt" count="50"/>
      <line num="18" type="stmt" count="50"/>
      <line num="23" type="method" name="getClassName" visibility="public" complexity="1" crap="2" count="0"/>
      <line num="25" type="stmt" count="0"/>
      <metrics loc="28" ncloc="22" classes="1" methods="2" coveredmethods="1" conditionals="0" coveredconditionals="0" statements="3" coveredstatements="2" elements="5" coveredelements="3"/>
    </file>
    <file name="/home/dani/Projects/atom/web/src/Events/ServiceProviderRegistrationFailure.php">
      <class name="Atom\Framework\Events\ServiceProviderRegistrationFailure" namespace="global">
        <metrics complexity="3" methods="3" coveredmethods="1" conditionals="0" coveredconditionals="0" statements="5" coveredstatements="3" elements="8" coveredelements="4"/>
      </class>
      <line num="21" type="method" name="__construct" visibility="public" complexity="1" crap="1" count="2"/>
      <line num="23" type="stmt" count="2"/>
      <line num="24" type="stmt" count="2"/>
      <line num="25" type="stmt" count="2"/>
      <line num="30" type="method" name="getException" visibility="public" complexity="1" crap="2" count="0"/>
      <line num="32" type="stmt" count="0"/>
      <line num="38" type="method" name="getServiceProvider" visibility="public" complexity="1" crap="2" count="0"/>
      <line num="40" type="stmt" count="0"/>
      <metrics loc="42" ncloc="30" classes="1" methods="3" coveredmethods="1" conditionals="0" coveredconditionals="0" statements="5" coveredstatements="3" elements="8" coveredelements="4"/>
    </file>
    <file name="/home/dani/Projects/atom/web/src/Exceptions/AppAlreadyBootedException.php">
      <class name="Atom\Framework\Exceptions\AppAlreadyBootedException" namespace="global">
        <metrics complexity="0" methods="0" coveredmethods="0" conditionals="0" coveredconditionals="0" statements="0" coveredstatements="0" elements="0" coveredelements="0"/>
      </class>
      <metrics loc="11" ncloc="11" classes="0" methods="0" coveredmethods="0" conditionals="0" coveredconditionals="0" statements="0" coveredstatements="0" elements="0" coveredelements="0"/>
    </file>
    <file name="/home/dani/Projects/atom/web/src/Exceptions/RequestHandlerException.php">
      <class name="Atom\Framework\Exceptions\RequestHandlerException" namespace="global">
        <metrics complexity="0" methods="0" coveredmethods="0" conditionals="0" coveredconditionals="0" statements="0" coveredstatements="0" elements="0" coveredelements="0"/>
      </class>
      <metrics loc="7" ncloc="7" classes="0" methods="0" coveredmethods="0" conditionals="0" coveredconditionals="0" statements="0" coveredstatements="0" elements="0" coveredelements="0"/>
    </file>
    <file name="/home/dani/Projects/atom/web/src/Http/ConvertMimeTypeToFormat.php">
      <class name="Atom\Framework\Http\ConvertMimeTypeToFormat" namespace="global">
        <metrics complexity="1" methods="1" coveredmethods="1" conditionals="0" coveredconditionals="0" statements="1" coveredstatements="1" elements="2" coveredelements="2"/>
      </class>
      <line num="189" type="method" name="getFormatOfMime" visibility="protected" complexity="1" crap="1" count="1"/>
      <line num="191" type="stmt" count="1"/>
      <metrics loc="193" ncloc="193" classes="1" methods="1" coveredmethods="1" conditionals="0" coveredconditionals="0" statements="1" coveredstatements="1" elements="2" coveredelements="2"/>
    </file>
    <file name="/home/dani/Projects/atom/web/src/Http/Emitters/AbstractEmitter.php">
      <class name="Atom\Framework\Http\Emitters\AbstractEmitter" namespace="global">
        <metrics complexity="5" methods="4" coveredmethods="4" conditionals="0" coveredconditionals="0" statements="6" coveredstatements="6" elements="10" coveredelements="10"/>
      </class>
      <line num="21" type="method" name="__construct" visibility="public" complexity="1" crap="1" count="46"/>
      <line num="26" type="stmt" count="46"/>
      <line num="27" type="stmt" count="46"/>
      <line num="28" type="stmt" count="46"/>
      <line num="33" type="method" name="getStreamEmitter" visibility="public" complexity="1" crap="1" count="2"/>
      <line num="35" type="stmt" count="2"/>
      <line num="41" type="method" name="getEmitter" visibility="public" complexity="1" crap="1" count="2"/>
      <line num="43" type="stmt" count="2"/>
      <line num="46" type="method" name="isDownload" visibility="public" complexity="2" crap="2" count="2"/>
      <line num="48" type="stmt" count="2"/>
      <metrics loc="50" ncloc="38" classes="1" methods="4" coveredmethods="4" conditionals="0" coveredconditionals="0" statements="6" coveredstatements="6" elements="10" coveredelements="10"/>
    </file>
    <file name="/home/dani/Projects/atom/web/src/Http/Emitters/DefaultEmitter.php">
      <class name="Atom\Framework\Http\Emitters\DefaultEmitter" namespace="global">
        <metrics complexity="4" methods="3" coveredmethods="3" conditionals="0" coveredconditionals="0" statements="12" coveredstatements="12" elements="15" coveredelements="15"/>
      </class>
      <line num="14" type="method" name="__construct" visibility="public" complexity="1" crap="1" count="44"/>
      <line num="19" type="stmt" count="44"/>
      <line num="20" type="stmt" count="44"/>
      <line num="21" type="stmt" count="44"/>
      <line num="23" type="stmt" count="44"/>
      <line num="24" type="stmt" count="44"/>
      <line num="26" type="method" name="emit" visibility="public" complexity="2" crap="2" count="1"/>
      <line num="28" type="stmt" count="1"/>
      <line num="29" type="stmt" count="1"/>
      <line num="30" type="stmt" count="1"/>
      <line num="31" type="stmt" count="1"/>
      <line num="34" type="stmt" count="1"/>
      <line num="36" type="stmt" count="1"/>
      <line num="41" type="method" name="getMaxBufferLength" visibility="public" complexity="1" crap="1" count="1"/>
      <line num="43" type="stmt" count="1"/>
      <metrics loc="45" ncloc="42" classes="1" methods="3" coveredmethods="3" conditionals="0" coveredconditionals="0" statements="12" coveredstatements="12" elements="15" coveredelements="15"/>
    </file>
    <file name="/home/dani/Projects/atom/web/src/Http/Emitters/SapiEmitter.php">
      <class name="Atom\Framework\Http\Emitters\SapiEmitter" namespace="global">
        <metrics complexity="1" methods="1" coveredmethods="1" conditionals="0" coveredconditionals="0" statements="3" coveredstatements="3" elements="4" coveredelements="4"/>
      </class>
      <line num="12" type="method" name="emit" visibility="public" complexity="1" crap="1" count="1"/>
      <line num="14" type="stmt" count="1"/>
      <line num="15" type="stmt" count="1"/>
      <line num="16" type="stmt" count="1"/>
      <metrics loc="17" ncloc="17" classes="1" methods="1" coveredmethods="1" conditionals="0" coveredconditionals="0" statements="3" coveredstatements="3" elements="4" coveredelements="4"/>
    </file>
    <file name="/home/dani/Projects/atom/web/src/Http/Emitters/SapiStreamEmitter.php">
      <class name="Atom\Framework\Http\Emitters\SapiStreamEmitter" namespace="global">
        <metrics complexity="1" methods="1" coveredmethods="1" conditionals="0" coveredconditionals="0" statements="3" coveredstatements="3" elements="4" coveredelements="4"/>
      </class>
      <line num="13" type="method" name="emit" visibility="public" complexity="1" crap="1" count="1"/>
      <line num="17" type="stmt" count="1"/>
      <line num="18" type="stmt" count="1"/>
      <line num="19" type="stmt" count="1"/>
      <metrics loc="20" ncloc="20" classes="1" methods="1" coveredmethods="1" conditionals="0" coveredconditionals="0" statements="3" coveredstatements="3" elements="4" coveredelements="4"/>
    </file>
    <file name="/home/dani/Projects/atom/web/src/Http/JsonStringResponse.php">
      <class name="Atom\Framework\Http\JsonStringResponse" namespace="global">
        <metrics complexity="4" methods="4" coveredmethods="4" conditionals="0" coveredconditionals="0" statements="12" coveredstatements="12" elements="16" coveredelements="16"/>
      </class>
      <line num="24" type="method" name="__construct" visibility="public" complexity="1" crap="1" count="2"/>
      <line num="29" type="stmt" count="2"/>
      <line num="30" type="stmt" count="2"/>
      <line num="31" type="stmt" count="2"/>
      <line num="32" type="stmt" count="2"/>
      <line num="33" type="stmt" count="2"/>
      <line num="38" type="method" name="getPayload" visibility="public" complexity="1" crap="1" count="2"/>
      <line num="40" type="stmt" count="2"/>
      <line num="43" type="method" name="createBodyFromJson" visibility="private" complexity="1" crap="1" count="2"/>
      <line num="45" type="stmt" count="2"/>
      <line num="46" type="stmt" count="2"/>
      <line num="47" type="stmt" count="2"/>
      <line num="49" type="stmt" count="2"/>
      <line num="55" type="method" name="setPayload" visibility="private" complexity="1" crap="1" count="2"/>
      <line num="57" type="stmt" count="2"/>
      <line num="58" type="stmt" count="2"/>
      <metrics loc="59" ncloc="47" classes="1" methods="4" coveredmethods="4" conditionals="0" coveredconditionals="0" statements="12" coveredstatements="12" elements="16" coveredelements="16"/>
    </file>
    <file name="/home/dani/Projects/atom/web/src/Http/MiddlewareProcessor.php">
      <class name="Atom\Framework\Http\MiddlewareProcessor" namespace="global">
        <metrics complexity="17" methods="5" coveredmethods="5" conditionals="0" coveredconditionals="0" statements="27" coveredstatements="27" elements="32" coveredelements="32"/>
      </class>
      <line num="29" type="method" name="__construct" visibility="public" complexity="2" crap="2" count="54"/>
      <line num="33" type="stmt" count="54"/>
      <line num="34" type="stmt" count="54"/>
      <line num="35" type="stmt" count="54"/>
      <line num="36" type="stmt" count="48"/>
      <line num="38" type="stmt" count="54"/>
      <line num="40" type="method" name="dispatchMiddlewareLoaded" visibility="private" complexity="2" crap="2" count="10"/>
      <line num="42" type="stmt" count="10"/>
      <line num="43" type="stmt" count="7"/>
      <line num="45" type="stmt" count="10"/>
      <line num="54" type="method" name="process" visibility="public" complexity="2" crap="2" count="13"/>
      <line num="56" type="stmt" count="13"/>
      <line num="57" type="stmt" count="1"/>
      <line num="59" type="stmt" count="12"/>
      <line num="60" type="stmt" count="10"/>
      <line num="61" type="stmt" count="10"/>
      <line num="69" type="method" name="getMiddleware" visibility="public" complexity="10" crap="10" count="13"/>
      <line num="71" type="stmt" count="13"/>
      <line num="72" type="stmt" count="11"/>
      <line num="74" type="stmt" count="3"/>
      <line num="75" type="stmt" count="1"/>
      <line num="78" type="stmt" count="3"/>
      <line num="79" type="stmt" count="1"/>
      <line num="81" type="stmt" count="3"/>
      <line num="82" type="stmt" count="1"/>
      <line num="84" type="stmt" count="2"/>
      <line num="85" type="stmt" count="2"/>
      <line num="86" type="stmt" count="1"/>
      <line num="88" type="stmt" count="2"/>
      <line num="89" type="stmt" count="2"/>
      <line num="92" type="method" name="shouldStop" visibility="public" complexity="1" crap="1" count="9"/>
      <line num="94" type="stmt" count="9"/>
      <metrics loc="96" ncloc="81" classes="1" methods="5" coveredmethods="5" conditionals="0" coveredconditionals="0" statements="27" coveredstatements="27" elements="32" coveredelements="32"/>
    </file>
    <file name="/home/dani/Projects/atom/web/src/Http/Middlewares/AbstractMiddleware.php">
      <class name="Atom\Framework\Http\Middlewares\AbstractMiddleware" namespace="global">
        <metrics complexity="1" methods="1" coveredmethods="1" conditionals="0" coveredconditionals="0" statements="1" coveredstatements="1" elements="2" coveredelements="2"/>
      </class>
      <line num="18" type="method" name="process" visibility="public" complexity="1" crap="1" count="5"/>
      <line num="20" type="stmt" count="5"/>
      <metrics loc="24" ncloc="19" classes="1" methods="1" coveredmethods="1" conditionals="0" coveredconditionals="0" statements="1" coveredstatements="1" elements="2" coveredelements="2"/>
    </file>
    <file name="/home/dani/Projects/atom/web/src/Http/Middlewares/CallableMiddleware.php">
      <class name="Atom\Framework\Http\Middlewares\CallableMiddleware" namespace="global">
        <metrics complexity="2" methods="2" coveredmethods="2" conditionals="0" coveredconditionals="0" statements="3" coveredstatements="3" elements="5" coveredelements="5"/>
      </class>
      <line num="18" type="method" name="__construct" visibility="public" complexity="1" crap="1" count="5"/>
      <line num="20" type="stmt" count="5"/>
      <line num="21" type="stmt" count="5"/>
      <line num="23" type="method" name="process" visibility="public" complexity="1" crap="1" count="5"/>
      <line num="25" type="stmt" count="5"/>
      <metrics loc="27" ncloc="24" classes="1" methods="2" coveredmethods="2" conditionals="0" coveredconditionals="0" statements="3" coveredstatements="3" elements="5" coveredelements="5"/>
    </file>
    <file name="/home/dani/Projects/atom/web/src/Http/Middlewares/DefinitionToResponseTrait.php">
      <class name="Atom\Framework\Http\Middlewares\DefinitionToResponseTrait" namespace="global">
        <metrics complexity="6" methods="1" coveredmethods="1" conditionals="0" coveredconditionals="0" statements="20" coveredstatements="20" elements="21" coveredelements="21"/>
      </class>
      <line num="27" type="method" name="definitionToResponse" visibility="public" complexity="6" crap="6" count="6"/>
      <line num="35" type="stmt" count="6"/>
      <line num="37" type="stmt" count="6"/>
      <line num="38" type="stmt" count="6"/>
      <line num="39" type="stmt" count="6"/>
      <line num="40" type="stmt" count="6"/>
      <line num="41" type="stmt" count="6"/>
      <line num="42" type="stmt" count="6"/>
      <line num="43" type="stmt" count="6"/>
      <line num="44" type="stmt" count="6"/>
      <line num="46" type="stmt" count="6"/>
      <line num="47" type="stmt" count="6"/>
      <line num="48" type="stmt" count="6"/>
      <line num="49" type="stmt" count="6"/>
      <line num="50" type="stmt" count="6"/>
      <line num="51" type="stmt" count="1"/>
      <line num="53" type="stmt" count="6"/>
      <line num="54" type="stmt" count="4"/>
      <line num="56" type="stmt" count="3"/>
      <line num="57" type="stmt" count="1"/>
      <line num="59" type="stmt" count="3"/>
      <metrics loc="61" ncloc="53" classes="1" methods="1" coveredmethods="1" conditionals="0" coveredconditionals="0" statements="20" coveredstatements="20" elements="21" coveredelements="21"/>
    </file>
    <file name="/home/dani/Projects/atom/web/src/Http/Middlewares/DispatchRoutes.php">
      <class name="Atom\Framework\Http\Middlewares\DispatchRoutes" namespace="global">
        <metrics complexity="5" methods="2" coveredmethods="2" conditionals="0" coveredconditionals="0" statements="14" coveredstatements="14" elements="16" coveredelements="16"/>
      </class>
      <line num="20" type="method" name="__construct" visibility="public" complexity="1" crap="1" count="1"/>
      <line num="22" type="stmt" count="1"/>
      <line num="23" type="stmt" count="1"/>
      <line num="31" type="method" name="run" visibility="public" complexity="4" crap="4" count="1"/>
      <line num="33" type="stmt" count="1"/>
      <line num="34" type="stmt" count="1"/>
      <line num="35" type="stmt" count="1"/>
      <line num="36" type="stmt" count="1"/>
      <line num="37" type="stmt" count="1"/>
      <line num="38" type="stmt" count="1"/>
      <line num="39" type="stmt" count="1"/>
      <line num="40" type="stmt" count="1"/>
      <line num="41" type="stmt" count="1"/>
      <line num="42" type="stmt" count="1"/>
      <line num="46" type="stmt" count="1"/>
      <line num="47" type="stmt" count="1"/>
      <metrics loc="49" ncloc="40" classes="1" methods="2" coveredmethods="2" conditionals="0" coveredconditionals="0" statements="14" coveredstatements="14" elements="16" coveredelements="16"/>
    </file>
    <file name="/home/dani/Projects/atom/web/src/Http/Middlewares/FunctionCallback.php">
      <class name="Atom\Framework\Http\Middlewares\FunctionCallback" namespace="global">
        <metrics complexity="4" methods="4" coveredmethods="4" conditionals="0" coveredconditionals="0" statements="8" coveredstatements="8" elements="12" coveredelements="12"/>
      </class>
      <line num="36" type="method" name="__construct" visibility="public" complexity="1" crap="1" count="2"/>
      <line num="39" type="stmt" count="2"/>
      <line num="40" type="stmt" count="2"/>
      <line num="41" type="stmt" count="2"/>
      <line num="42" type="stmt" count="2"/>
      <line num="49" type="method" name="run" visibility="public" complexity="1" crap="1" count="1"/>
      <line num="51" type="stmt" count="1"/>
      <line num="62" type="method" name="call" visibility="public" complexity="1" crap="1" count="1"/>
      <line num="69" type="stmt" count="1"/>
      <line num="70" type="stmt" count="1"/>
      <line num="76" type="method" name="getCallback" visibility="public" complexity="1" crap="1" count="1"/>
      <line num="78" type="stmt" count="1"/>
      <metrics loc="80" ncloc="49" classes="1" methods="4" coveredmethods="4" conditionals="0" coveredconditionals="0" statements="8" coveredstatements="8" elements="12" coveredelements="12"/>
    </file>
    <file name="/home/dani/Projects/atom/web/src/Http/Middlewares/MethodCallback.php">
      <class name="Atom\Framework\Http\Middlewares\MethodCallback" namespace="global">
        <metrics complexity="5" methods="5" coveredmethods="5" conditionals="0" coveredconditionals="0" statements="10" coveredstatements="10" elements="15" coveredelements="15"/>
      </class>
      <line num="32" type="method" name="__construct" visibility="public" complexity="1" crap="1" count="2"/>
      <line num="35" type="stmt" count="2"/>
      <line num="36" type="stmt" count="2"/>
      <line num="37" type="stmt" count="2"/>
      <line num="38" type="stmt" count="2"/>
      <line num="39" type="stmt" count="2"/>
      <line num="46" type="method" name="run" visibility="public" complexity="1" crap="1" count="1"/>
      <line num="48" type="stmt" count="1"/>
      <line num="60" type="method" name="call" visibility="public" complexity="1" crap="1" count="1"/>
      <line num="68" type="stmt" count="1"/>
      <line num="69" type="stmt" count="1"/>
      <line num="75" type="method" name="getObject" visibility="public" complexity="1" crap="1" count="1"/>
      <line num="77" type="stmt" count="1"/>
      <line num="83" type="method" name="getMethod" visibility="public" complexity="1" crap="1" count="1"/>
      <line num="85" type="stmt" count="1"/>
      <metrics loc="87" ncloc="55" classes="1" methods="5" coveredmethods="5" conditionals="0" coveredconditionals="0" statements="10" coveredstatements="10" elements="15" coveredelements="15"/>
    </file>
    <file name="/home/dani/Projects/atom/web/src/Http/Middlewares/Middleware.php">
      <class name="Atom\Framework\Http\Middlewares\Middleware" namespace="global">
        <metrics complexity="3" methods="3" coveredmethods="3" conditionals="0" coveredconditionals="0" statements="3" coveredstatements="3" elements="6" coveredelements="6"/>
      </class>
      <line num="11" type="method" name="callable" visibility="public" complexity="1" crap="1" count="4"/>
      <line num="13" type="stmt" count="4"/>
      <line num="16" type="method" name="pipeline" visibility="public" complexity="1" crap="1" count="1"/>
      <line num="18" type="stmt" count="1"/>
      <line num="21" type="method" name="response" visibility="public" complexity="1" crap="1" count="4"/>
      <line num="23" type="stmt" count="4"/>
      <metrics loc="25" ncloc="25" classes="1" methods="3" coveredmethods="3" conditionals="0" coveredconditionals="0" statements="3" coveredstatements="3" elements="6" coveredelements="6"/>
    </file>
    <file name="/home/dani/Projects/atom/web/src/Http/Middlewares/Pipeline.php">
      <class name="Atom\Framework\Http\Middlewares\Pipeline" namespace="global">
        <metrics complexity="4" methods="4" coveredmethods="4" conditionals="0" coveredconditionals="0" statements="6" coveredstatements="6" elements="10" coveredelements="10"/>
      </class>
      <line num="18" type="method" name="__construct" visibility="public" complexity="1" crap="1" count="3"/>
      <line num="20" type="stmt" count="3"/>
      <line num="21" type="stmt" count="3"/>
      <line num="29" type="method" name="run" visibility="public" complexity="1" crap="1" count="2"/>
      <line num="32" type="stmt" count="2"/>
      <line num="33" type="stmt" count="2"/>
      <line num="36" type="method" name="create" visibility="public" complexity="1" crap="1" count="1"/>
      <line num="38" type="stmt" count="1"/>
      <line num="44" type="method" name="getMiddlewares" visibility="public" complexity="1" crap="1" count="1"/>
      <line num="46" type="stmt" count="1"/>
      <metrics loc="48" ncloc="36" classes="1" methods="4" coveredmethods="4" conditionals="0" coveredconditionals="0" statements="6" coveredstatements="6" elements="10" coveredelements="10"/>
    </file>
    <file name="/home/dani/Projects/atom/web/src/Http/Middlewares/ResponseMiddleware.php">
      <class name="Atom\Framework\Http\Middlewares\ResponseMiddleware" namespace="global">
        <metrics complexity="2" methods="2" coveredmethods="2" conditionals="0" coveredconditionals="0" statements="3" coveredstatements="3" elements="5" coveredelements="5"/>
      </class>
      <line num="18" type="method" name="__construct" visibility="public" complexity="1" crap="1" count="4"/>
      <line num="20" type="stmt" count="4"/>
      <line num="21" type="stmt" count="4"/>
      <line num="23" type="method" name="process" visibility="public" complexity="1" crap="1" count="4"/>
      <line num="27" type="stmt" count="4"/>
      <metrics loc="29" ncloc="26" classes="1" methods="2" coveredmethods="2" conditionals="0" coveredconditionals="0" statements="3" coveredstatements="3" elements="5" coveredelements="5"/>
    </file>
    <file name="/home/dani/Projects/atom/web/src/Http/NoMiddlewareException.php">
      <class name="Atom\Framework\Http\NoMiddlewareException" namespace="global">
        <metrics complexity="0" methods="0" coveredmethods="0" conditionals="0" coveredconditionals="0" statements="0" coveredstatements="0" elements="0" coveredelements="0"/>
      </class>
      <metrics loc="9" ncloc="9" classes="0" methods="0" coveredmethods="0" conditionals="0" coveredconditionals="0" statements="0" coveredstatements="0" elements="0" coveredelements="0"/>
    </file>
    <file name="/home/dani/Projects/atom/web/src/Http/Request.php">
      <class name="Atom\Framework\Http\Request" namespace="global">
        <metrics complexity="33" methods="14" coveredmethods="14" conditionals="0" coveredconditionals="0" statements="52" coveredstatements="52" elements="66" coveredelements="66"/>
      </class>
      <line num="22" type="method" name="incoming" visibility="public" complexity="1" crap="1" count="2"/>
      <line num="24" type="stmt" count="2"/>
      <line num="27" type="method" name="from" visibility="public" complexity="2" crap="2" count="3"/>
      <line num="29" type="stmt" count="3"/>
      <line num="30" type="stmt" count="3"/>
      <line num="31" type="stmt" count="3"/>
      <line num="32" type="stmt" count="3"/>
      <line num="33" type="stmt" count="3"/>
      <line num="34" type="stmt" count="3"/>
      <line num="35" type="stmt" count="3"/>
      <line num="36" type="stmt" count="3"/>
      <line num="37" type="stmt" count="3"/>
      <line num="38" type="stmt" count="3"/>
      <line num="39" type="stmt" count="3"/>
      <line num="41" type="stmt" count="3"/>
      <line num="42" type="stmt" count="1"/>
      <line num="44" type="stmt" count="3"/>
      <line num="47" type="method" name="route" visibility="public" complexity="1" crap="1" count="1"/>
      <line num="49" type="stmt" count="1"/>
      <line num="52" type="method" name="isJson" visibility="public" complexity="2" crap="2" count="1"/>
      <line num="54" type="stmt" count="1"/>
      <line num="55" type="stmt" count="1"/>
      <line num="58" type="method" name="isMethod" visibility="public" complexity="1" crap="1" count="1"/>
      <line num="60" type="stmt" count="1"/>
      <line num="68" type="method" name="expectsJson" visibility="public" complexity="4" crap="4" count="1"/>
      <line num="70" type="stmt" count="1"/>
      <line num="76" type="method" name="isAjax" visibility="public" complexity="1" crap="1" count="2"/>
      <line num="78" type="stmt" count="2"/>
      <line num="84" type="method" name="isPjax" visibility="public" complexity="1" crap="1" count="2"/>
      <line num="86" type="stmt" count="2"/>
      <line num="93" type="method" name="wantsJson" visibility="public" complexity="5" crap="5" count="2"/>
      <line num="95" type="stmt" count="2"/>
      <line num="96" type="stmt" count="2"/>
      <line num="97" type="stmt" count="1"/>
      <line num="99" type="stmt" count="2"/>
      <line num="100" type="stmt" count="2"/>
      <line num="101" type="stmt" count="2"/>
      <line num="102" type="stmt" count="2"/>
      <line num="105" type="stmt" count="2"/>
      <line num="112" type="method" name="accepts" visibility="public" complexity="6" crap="6" count="3"/>
      <line num="114" type="stmt" count="3"/>
      <line num="115" type="stmt" count="3"/>
      <line num="116" type="stmt" count="3"/>
      <line num="118" type="stmt" count="3"/>
      <line num="119" type="stmt" count="3"/>
      <line num="120" type="stmt" count="3"/>
      <line num="121" type="stmt" count="1"/>
      <line num="123" type="stmt" count="3"/>
      <line num="124" type="stmt" count="3"/>
      <line num="127" type="stmt" count="3"/>
      <line num="135" type="method" name="acceptsAnyContentType" visibility="public" complexity="4" crap="4" count="1"/>
      <line num="137" type="stmt" count="1"/>
      <line num="139" type="stmt" count="1"/>
      <line num="140" type="stmt" count="1"/>
      <line num="149" type="method" name="acceptsJson" visibility="public" complexity="1" crap="1" count="1"/>
      <line num="151" type="stmt" count="1"/>
      <line num="159" type="method" name="acceptsHtml" visibility="public" complexity="1" crap="1" count="1"/>
      <line num="161" type="stmt" count="1"/>
      <line num="167" type="method" name="getAcceptableContentTypes" visibility="private" complexity="3" crap="3" count="5"/>
      <line num="169" type="stmt" count="5"/>
      <line num="170" type="stmt" count="5"/>
      <line num="171" type="stmt" count="5"/>
      <line num="172" type="stmt" count="5"/>
      <line num="173" type="stmt" count="4"/>
      <line num="175" type="stmt" count="5"/>
      <line num="177" type="stmt" count="5"/>
      <metrics loc="179" ncloc="140" classes="1" methods="14" coveredmethods="14" conditionals="0" coveredconditionals="0" statements="52" coveredstatements="52" elements="66" coveredelements="66"/>
    </file>
    <file name="/home/dani/Projects/atom/web/src/Http/RequestHandler.php">
      <class name="Atom\Framework\Http\RequestHandler" namespace="global">
        <metrics complexity="22" methods="16" coveredmethods="16" conditionals="0" coveredconditionals="0" statements="57" coveredstatements="57" elements="73" coveredelements="73"/>
      </class>
      <line num="48" type="method" name="__construct" visibility="public" complexity="2" crap="2" count="54"/>
      <line num="50" type="stmt" count="54"/>
      <line num="51" type="stmt" count="54"/>
      <line num="52" type="stmt" count="54"/>
      <line num="53" type="stmt" count="54"/>
      <line num="54" type="stmt" count="1"/>
      <line num="56" type="stmt" count="54"/>
      <line num="65" type="method" name="getKernel" visibility="public" complexity="1" crap="1" count="3"/>
      <line num="67" type="stmt" count="3"/>
      <line num="73" type="method" name="container" visibility="public" complexity="1" crap="1" count="15"/>
      <line num="75" type="stmt" count="15"/>
      <line num="85" type="method" name="router" visibility="public" complexity="1" crap="1" count="1"/>
      <line num="87" type="stmt" count="1"/>
      <line num="97" type="method" name="run" visibility="public" complexity="1" crap="1" count="1"/>
      <line num="99" type="stmt" count="1"/>
      <line num="100" type="stmt" count="1"/>
      <line num="101" type="stmt" count="1"/>
      <line num="108" type="method" name="handle" visibility="public" complexity="2" crap="2" count="10"/>
      <line num="110" type="stmt" count="10"/>
      <line num="111" type="stmt" count="10"/>
      <line num="112" type="stmt" count="9"/>
      <line num="114" type="stmt" count="5"/>
      <line num="115" type="stmt" count="5"/>
      <line num="116" type="stmt" count="5"/>
      <line num="117" type="stmt" count="5"/>
      <line num="120" type="method" name="reset" visibility="public" complexity="2" crap="2" count="1"/>
      <line num="122" type="stmt" count="1"/>
      <line num="123" type="stmt" count="1"/>
      <line num="124" type="stmt" count="1"/>
      <line num="125" type="stmt" count="1"/>
      <line num="126" type="stmt" count="1"/>
      <line num="127" type="stmt" count="1"/>
      <line num="128" type="stmt" count="1"/>
      <line num="130" type="stmt" count="1"/>
      <line num="133" type="method" name="add" visibility="public" complexity="1" crap="1" count="8"/>
      <line num="135" type="stmt" count="8"/>
      <line num="136" type="stmt" count="8"/>
      <line num="139" type="method" name="middlewares" visibility="public" complexity="1" crap="1" count="3"/>
      <line num="141" type="stmt" count="3"/>
      <line num="142" type="stmt" count="3"/>
      <line num="153" type="method" name="ensureStarted" visibility="private" complexity="3" crap="3" count="10"/>
      <line num="155" type="stmt" count="10"/>
      <line num="156" type="stmt" count="5"/>
      <line num="159" type="stmt" count="10"/>
      <line num="160" type="stmt" count="10"/>
      <line num="161" type="stmt" count="10"/>
      <line num="162" type="stmt" count="1"/>
      <line num="163" type="stmt" count="1"/>
      <line num="164" type="stmt" count="1"/>
      <line num="167" type="stmt" count="9"/>
      <line num="168" type="stmt" count="9"/>
      <line num="169" type="stmt" count="9"/>
      <line num="170" type="stmt" count="9"/>
      <line num="171" type="stmt" count="9"/>
      <line num="181" type="method" name="emit" visibility="public" complexity="1" crap="1" count="2"/>
      <line num="186" type="stmt" count="2"/>
      <line num="187" type="stmt" count="2"/>
      <line num="188" type="stmt" count="2"/>
      <line num="197" type="method" name="emitter" visibility="public" complexity="1" crap="1" count="2"/>
      <line num="199" type="stmt" count="2"/>
      <line num="206" type="method" name="withNext" visibility="public" complexity="2" crap="2" count="4"/>
      <line num="208" type="stmt" count="4"/>
      <line num="209" type="stmt" count="1"/>
      <line num="211" type="stmt" count="4"/>
      <line num="212" type="stmt" count="4"/>
      <line num="213" type="stmt" count="4"/>
      <line num="216" type="method" name="getFactoryPipes" visibility="public" complexity="1" crap="1" count="2"/>
      <line num="218" type="stmt" count="2"/>
      <line num="225" type="method" name="setPipeline" visibility="public" complexity="1" crap="1" count="10"/>
      <line num="227" type="stmt" count="10"/>
      <line num="228" type="stmt" count="10"/>
      <line num="234" type="method" name="getCurrentRequest" visibility="public" complexity="1" crap="1" count="1"/>
      <line num="236" type="stmt" count="1"/>
      <metrics loc="238" ncloc="168" classes="1" methods="16" coveredmethods="16" conditionals="0" coveredconditionals="0" statements="57" coveredstatements="57" elements="73" coveredelements="73"/>
    </file>
    <file name="/home/dani/Projects/atom/web/src/Http/Response.php">
      <class name="Atom\Framework\Http\Response" namespace="global">
        <metrics complexity="7" methods="7" coveredmethods="7" conditionals="0" coveredconditionals="0" statements="7" coveredstatements="7" elements="14" coveredelements="14"/>
      </class>
      <line num="19" type="method" name="json" visibility="public" complexity="1" crap="1" count="5"/>
      <line num="25" type="stmt" count="5"/>
      <line num="28" type="method" name="jsonString" visibility="public" complexity="1" crap="1" count="2"/>
      <line num="33" type="stmt" count="2"/>
      <line num="36" type="method" name="html" visibility="public" complexity="1" crap="1" count="8"/>
      <line num="41" type="stmt" count="8"/>
      <line num="44" type="method" name="text" visibility="public" complexity="1" crap="1" count="11"/>
      <line num="49" type="stmt" count="11"/>
      <line num="52" type="method" name="empty" visibility="public" complexity="1" crap="1" count="4"/>
      <line num="56" type="stmt" count="4"/>
      <line num="59" type="method" name="redirect" visibility="public" complexity="1" crap="1" count="4"/>
      <line num="64" type="stmt" count="4"/>
      <line num="82" type="method" name="redirectRoute" visibility="public" complexity="1" crap="1" count="1"/>
      <line num="89" type="stmt" count="1"/>
      <metrics loc="91" ncloc="76" classes="1" methods="7" coveredmethods="7" conditionals="0" coveredconditionals="0" statements="7" coveredstatements="7" elements="14" coveredelements="14"/>
    </file>
    <file name="/home/dani/Projects/atom/web/src/Http/ResponseSender.php">
      <class name="Atom\Framework\Http\ResponseSender" namespace="global">
        <metrics complexity="12" methods="9" coveredmethods="9" conditionals="0" coveredconditionals="0" statements="14" coveredstatements="14" elements="23" coveredelements="23"/>
      </class>
      <line num="18" type="method" name="__construct" visibility="public" complexity="1" crap="1" count="52"/>
      <line num="20" type="stmt" count="52"/>
      <line num="21" type="stmt" count="52"/>
      <line num="23" type="method" name="json" visibility="public" complexity="1" crap="1" count="2"/>
      <line num="29" type="stmt" count="2"/>
      <line num="32" type="method" name="send" visibility="public" complexity="4" crap="4" count="1"/>
      <line num="37" type="stmt" count="1"/>
      <line num="38" type="stmt" count="1"/>
      <line num="40" type="stmt" count="1"/>
      <line num="41" type="stmt" count="1"/>
      <line num="43" type="stmt" count="1"/>
      <line num="46" type="method" name="jsonString" visibility="public" complexity="1" crap="1" count="1"/>
      <line num="51" type="stmt" count="1"/>
      <line num="54" type="method" name="html" visibility="public" complexity="1" crap="1" count="1"/>
      <line num="59" type="stmt" count="1"/>
      <line num="62" type="method" name="text" visibility="public" complexity="1" crap="1" count="1"/>
      <line num="67" type="stmt" count="1"/>
      <line num="70" type="method" name="empty" visibility="public" complexity="1" crap="1" count="2"/>
      <line num="74" type="stmt" count="2"/>
      <line num="77" type="method" name="redirect" visibility="public" complexity="1" crap="1" count="2"/>
      <line num="82" type="stmt" count="2"/>
      <line num="92" type="method" name="redirectRoute" visibility="public" complexity="1" crap="1" count="1"/>
      <line num="98" type="stmt" count="1"/>
      <metrics loc="100" ncloc="90" classes="1" methods="9" coveredmethods="9" conditionals="0" coveredconditionals="0" statements="14" coveredstatements="14" elements="23" coveredelements="23"/>
    </file>
    <file name="/home/dani/Projects/atom/web/src/Kernel.php">
      <class name="Atom\Framework\Kernel" namespace="global">
        <metrics complexity="25" methods="21" coveredmethods="21" conditionals="0" coveredconditionals="0" statements="56" coveredstatements="56" elements="77" coveredelements="77"/>
      </class>
      <line num="58" type="method" name="__construct" visibility="public" complexity="1" crap="1" count="71"/>
      <line num="64" type="stmt" count="71"/>
      <line num="65" type="stmt" count="71"/>
      <line num="66" type="stmt" count="71"/>
      <line num="67" type="stmt" count="71"/>
      <line num="68" type="stmt" count="71"/>
      <line num="69" type="stmt" count="71"/>
      <line num="74" type="method" name="env" visibility="public" complexity="1" crap="1" count="47"/>
      <line num="76" type="stmt" count="47"/>
      <line num="87" type="method" name="get" visibility="public" complexity="1" crap="1" count="7"/>
      <line num="89" type="stmt" count="7"/>
      <line num="95" type="method" name="appPath" visibility="public" complexity="1" crap="1" count="46"/>
      <line num="97" type="stmt" count="46"/>
      <line num="103" type="method" name="container" visibility="public" complexity="1" crap="1" count="54"/>
      <line num="105" type="stmt" count="54"/>
      <line num="111" type="method" name="eventDispatcher" visibility="public" complexity="1" crap="1" count="52"/>
      <line num="113" type="stmt" count="52"/>
      <line num="122" type="method" name="use" visibility="public" complexity="3" crap="3" count="52"/>
      <line num="124" type="stmt" count="52"/>
      <line num="125" type="stmt" count="51"/>
      <line num="126" type="stmt" count="51"/>
      <line num="127" type="stmt" count="3"/>
      <line num="130" type="stmt" count="51"/>
      <line num="131" type="stmt" count="50"/>
      <line num="132" type="stmt" count="50"/>
      <line num="133" type="stmt" count="2"/>
      <line num="134" type="stmt" count="2"/>
      <line num="135" type="stmt" count="2"/>
      <line num="137" type="stmt" count="50"/>
      <line num="144" type="method" name="providerRegistered" visibility="public" complexity="1" crap="1" count="51"/>
      <line num="146" type="stmt" count="51"/>
      <line num="155" type="method" name="providers" visibility="public" complexity="2" crap="2" count="18"/>
      <line num="157" type="stmt" count="18"/>
      <line num="158" type="stmt" count="4"/>
      <line num="160" type="stmt" count="18"/>
      <line num="166" type="method" name="boot" visibility="public" complexity="1" crap="1" count="6"/>
      <line num="168" type="stmt" count="6"/>
      <line num="169" type="stmt" count="6"/>
      <line num="170" type="stmt" count="6"/>
      <line num="176" type="method" name="hasBooted" visibility="public" complexity="1" crap="1" count="1"/>
      <line num="178" type="stmt" count="1"/>
      <line num="187" type="method" name="setMetaData" visibility="public" complexity="1" crap="1" count="47"/>
      <line num="189" type="stmt" count="47"/>
      <line num="190" type="stmt" count="46"/>
      <line num="191" type="stmt" count="46"/>
      <line num="198" type="method" name="hasMetaData" visibility="public" complexity="1" crap="1" count="1"/>
      <line num="200" type="stmt" count="1"/>
      <line num="208" type="method" name="getMetaData" visibility="public" complexity="1" crap="1" count="2"/>
      <line num="210" type="stmt" count="2"/>
      <line num="213" type="method" name="getKernel" visibility="public" complexity="1" crap="1" count="45"/>
      <line num="215" type="stmt" count="45"/>
      <line num="221" type="method" name="getRegisteredProviders" visibility="public" complexity="1" crap="1" count="8"/>
      <line num="223" type="stmt" count="8"/>
      <line num="230" type="method" name="ensureNotBooted" visibility="private" complexity="2" crap="2" count="56"/>
      <line num="232" type="stmt" count="56"/>
      <line num="233" type="stmt" count="3"/>
      <line num="234" type="stmt" count="3"/>
      <line num="236" type="stmt" count="56"/>
      <line num="241" type="method" name="providesUtils" visibility="private" complexity="1" crap="1" count="71"/>
      <line num="243" type="stmt" count="71"/>
      <line num="244" type="stmt" count="71"/>
      <line num="245" type="stmt" count="71"/>
      <line num="246" type="stmt" count="71"/>
      <line num="251" type="method" name="provideContainer" visibility="private" complexity="1" crap="1" count="71"/>
      <line num="253" type="stmt" count="71"/>
      <line num="254" type="stmt" count="71"/>
      <line num="255" type="stmt" count="71"/>
      <line num="257" type="stmt" count="71"/>
      <line num="262" type="method" name="provideEventDispatcher" visibility="private" complexity="1" crap="1" count="71"/>
      <line num="264" type="stmt" count="71"/>
      <line num="265" type="stmt" count="71"/>
      <line num="267" type="stmt" count="71"/>
      <line num="268" type="stmt" count="71"/>
      <line num="269" type="stmt" count="71"/>
      <line num="274" type="method" name="provideEnv" visibility="private" complexity="1" crap="1" count="71"/>
      <line num="276" type="stmt" count="71"/>
      <line num="277" type="stmt" count="71"/>
      <metrics loc="278" ncloc="179" classes="1" methods="21" coveredmethods="21" conditionals="0" coveredconditionals="0" statements="56" coveredstatements="56" elements="77" coveredelements="77"/>
    </file>
    <file name="/home/dani/Projects/atom/web/src/Path.php">
      <class name="Atom\Framework\Path" namespace="global">
        <metrics complexity="9" methods="6" coveredmethods="5" conditionals="0" coveredconditionals="0" statements="14" coveredstatements="13" elements="20" coveredelements="18"/>
      </class>
      <line num="17" type="method" name="__construct" visibility="public" complexity="2" crap="2" count="44"/>
      <line num="19" type="stmt" count="44"/>
      <line num="20" type="stmt" count="44"/>
      <line num="21" type="stmt" count="42"/>
      <line num="23" type="stmt" count="44"/>
      <line num="24" type="stmt" count="44"/>
      <line num="26" type="method" name="join" visibility="public" complexity="1" crap="1" count="43"/>
      <line num="28" type="stmt" count="43"/>
      <line num="35" type="method" name="app" visibility="public" complexity="2" crap="2.15" count="1"/>
      <line num="37" type="stmt" count="1"/>
      <line num="38" type="stmt" count="0"/>
      <line num="40" type="stmt" count="1"/>
      <line num="43" type="method" name="removeTrailingSlash" visibility="private" complexity="1" crap="1" count="44"/>
      <line num="45" type="stmt" count="44"/>
      <line num="48" type="method" name="__toString" visibility="public" complexity="1" crap="1" count="1"/>
      <line num="50" type="stmt" count="1"/>
      <line num="57" type="method" name="public" visibility="public" complexity="2" crap="2" count="2"/>
      <line num="59" type="stmt" count="2"/>
      <line num="60" type="stmt" count="1"/>
      <line num="62" type="stmt" count="1"/>
      <metrics loc="64" ncloc="50" classes="1" methods="6" coveredmethods="5" conditionals="0" coveredconditionals="0" statements="14" coveredstatements="13" elements="20" coveredelements="18"/>
    </file>
    <file name="/home/dani/Projects/atom/web/src/Pipeline/NoDataException.php">
      <class name="Atom\Framework\Pipeline\NoDataException" namespace="global">
        <metrics complexity="0" methods="0" coveredmethods="0" conditionals="0" coveredconditionals="0" statements="0" coveredstatements="0" elements="0" coveredelements="0"/>
      </class>
      <metrics loc="9" ncloc="9" classes="0" methods="0" coveredmethods="0" conditionals="0" coveredconditionals="0" statements="0" coveredstatements="0" elements="0" coveredelements="0"/>
    </file>
    <file name="/home/dani/Projects/atom/web/src/Pipeline/NoPipesException.php">
      <class name="Atom\Framework\Pipeline\NoPipesException" namespace="global">
        <metrics complexity="0" methods="0" coveredmethods="0" conditionals="0" coveredconditionals="0" statements="0" coveredstatements="0" elements="0" coveredelements="0"/>
      </class>
      <metrics loc="9" ncloc="9" classes="0" methods="0" coveredmethods="0" conditionals="0" coveredconditionals="0" statements="0" coveredstatements="0" elements="0" coveredelements="0"/>
    </file>
    <file name="/home/dani/Projects/atom/web/src/Pipeline/NoProcessorException.php">
      <class name="Atom\Framework\Pipeline\NoProcessorException" namespace="global">
        <metrics complexity="0" methods="0" coveredmethods="0" conditionals="0" coveredconditionals="0" statements="0" coveredstatements="0" elements="0" coveredelements="0"/>
      </class>
      <metrics loc="9" ncloc="9" classes="0" methods="0" coveredmethods="0" conditionals="0" coveredconditionals="0" statements="0" coveredstatements="0" elements="0" coveredelements="0"/>
    </file>
    <file name="/home/dani/Projects/atom/web/src/Pipeline/NullProcessor.php">
      <class name="Atom\Framework\Pipeline\NullProcessor" namespace="global">
        <metrics complexity="2" methods="2" coveredmethods="0" conditionals="0" coveredconditionals="0" statements="2" coveredstatements="0" elements="4" coveredelements="0"/>
      </class>
      <line num="11" type="method" name="process" visibility="public" complexity="1" crap="2" count="0"/>
      <line num="13" type="stmt" count="0"/>
      <line num="16" type="method" name="shouldStop" visibility="public" complexity="1" crap="2" count="0"/>
      <line num="18" type="stmt" count="0"/>
      <metrics loc="20" ncloc="20" classes="1" methods="2" coveredmethods="0" conditionals="0" coveredconditionals="0" statements="2" coveredstatements="0" elements="4" coveredelements="0"/>
    </file>
    <file name="/home/dani/Projects/atom/web/src/Pipeline/Pipeline.php">
      <class name="Atom\Framework\Pipeline\Pipeline" namespace="global">
        <metrics complexity="19" methods="14" coveredmethods="14" conditionals="0" coveredconditionals="0" statements="47" coveredstatements="47" elements="61" coveredelements="61"/>
      </class>
      <line num="24" type="method" name="__construct" visibility="public" complexity="2" crap="2" count="21"/>
      <line num="32" type="stmt" count="21"/>
      <line num="33" type="stmt" count="21"/>
      <line num="34" type="stmt" count="21"/>
      <line num="35" type="stmt" count="1"/>
      <line num="37" type="stmt" count="20"/>
      <line num="38" type="stmt" count="20"/>
      <line num="39" type="stmt" count="20"/>
      <line num="40" type="stmt" count="20"/>
      <line num="41" type="stmt" count="20"/>
      <line num="43" type="method" name="length" visibility="public" complexity="1" crap="1" count="4"/>
      <line num="45" type="stmt" count="4"/>
      <line num="51" type="method" name="next" visibility="public" complexity="4" crap="4" count="15"/>
      <line num="53" type="stmt" count="15"/>
      <line num="54" type="stmt" count="15"/>
      <line num="55" type="stmt" count="15"/>
      <line num="56" type="stmt" count="5"/>
      <line num="58" type="stmt" count="15"/>
      <line num="59" type="stmt" count="15"/>
      <line num="60" type="stmt" count="15"/>
      <line num="61" type="stmt" count="15"/>
      <line num="63" type="stmt" count="14"/>
      <line num="64" type="stmt" count="14"/>
      <line num="66" type="stmt" count="3"/>
      <line num="69" type="method" name="current" visibility="public" complexity="1" crap="1" count="6"/>
      <line num="71" type="stmt" count="6"/>
      <line num="74" type="method" name="completed" visibility="public" complexity="1" crap="1" count="4"/>
      <line num="76" type="stmt" count="4"/>
      <line num="79" type="method" name="run" visibility="public" complexity="2" crap="2" count="4"/>
      <line num="81" type="stmt" count="4"/>
      <line num="82" type="stmt" count="4"/>
      <line num="84" type="stmt" count="4"/>
      <line num="87" type="method" name="getPipe" visibility="protected" complexity="1" crap="1" count="15"/>
      <line num="89" type="stmt" count="15"/>
      <line num="92" type="method" name="send" visibility="public" complexity="1" crap="1" count="6"/>
      <line num="94" type="stmt" count="6"/>
      <line num="97" type="method" name="with" visibility="public" complexity="1" crap="1" count="6"/>
      <line num="99" type="stmt" count="6"/>
      <line num="100" type="stmt" count="6"/>
      <line num="101" type="stmt" count="6"/>
      <line num="102" type="stmt" count="6"/>
      <line num="103" type="stmt" count="6"/>
      <line num="104" type="stmt" count="6"/>
      <line num="111" type="method" name="getPipes" visibility="public" complexity="1" crap="1" count="1"/>
      <line num="113" type="stmt" count="1"/>
      <line num="119" type="method" name="getProcessor" visibility="public" complexity="1" crap="1" count="1"/>
      <line num="121" type="stmt" count="1"/>
      <line num="124" type="method" name="withAddedPipes" visibility="public" complexity="1" crap="1" count="5"/>
      <line num="126" type="stmt" count="5"/>
      <line num="127" type="stmt" count="5"/>
      <line num="128" type="stmt" count="5"/>
      <line num="129" type="stmt" count="5"/>
      <line num="130" type="stmt" count="5"/>
      <line num="131" type="stmt" count="5"/>
      <line num="132" type="stmt" count="5"/>
      <line num="133" type="stmt" count="5"/>
      <line num="134" type="stmt" count="5"/>
      <line num="141" type="method" name="getNextIndex" visibility="public" complexity="1" crap="1" count="6"/>
      <line num="143" type="stmt" count="6"/>
      <line num="149" type="method" name="getCurrentIndex" visibility="public" complexity="1" crap="1" count="1"/>
      <line num="151" type="stmt" count="1"/>
      <metrics loc="153" ncloc="132" classes="1" methods="14" coveredmethods="14" conditionals="0" coveredconditionals="0" statements="47" coveredstatements="47" elements="61" coveredelements="61"/>
    </file>
    <file name="/home/dani/Projects/atom/web/src/Pipeline/PipelineFactory.php">
      <class name="Atom\Framework\Pipeline\PipelineFactory" namespace="global">
        <metrics complexity="14" methods="10" coveredmethods="10" conditionals="0" coveredconditionals="0" statements="21" coveredstatements="21" elements="31" coveredelements="31"/>
      </class>
      <line num="22" type="method" name="pipe" visibility="public" complexity="1" crap="1" count="25"/>
      <line num="24" type="stmt" count="25"/>
      <line num="25" type="stmt" count="25"/>
      <line num="32" type="method" name="through" visibility="public" complexity="1" crap="1" count="17"/>
      <line num="34" type="stmt" count="17"/>
      <line num="35" type="stmt" count="17"/>
      <line num="38" type="method" name="add" visibility="public" complexity="1" crap="1" count="9"/>
      <line num="40" type="stmt" count="9"/>
      <line num="41" type="stmt" count="9"/>
      <line num="44" type="method" name="addPipes" visibility="public" complexity="1" crap="1" count="4"/>
      <line num="46" type="stmt" count="4"/>
      <line num="47" type="stmt" count="4"/>
      <line num="50" type="method" name="via" visibility="public" complexity="1" crap="1" count="69"/>
      <line num="54" type="stmt" count="69"/>
      <line num="55" type="stmt" count="69"/>
      <line num="64" type="method" name="make" visibility="public" complexity="5" crap="5" count="25"/>
      <line num="66" type="stmt" count="25"/>
      <line num="67" type="stmt" count="1"/>
      <line num="69" type="stmt" count="24"/>
      <line num="70" type="stmt" count="1"/>
      <line num="72" type="stmt" count="23"/>
      <line num="73" type="stmt" count="3"/>
      <line num="75" type="stmt" count="20"/>
      <line num="78" type="method" name="run" visibility="public" complexity="1" crap="1" count="1"/>
      <line num="80" type="stmt" count="1"/>
      <line num="86" type="method" name="getData" visibility="public" complexity="1" crap="1" count="1"/>
      <line num="88" type="stmt" count="1"/>
      <line num="94" type="method" name="getPipes" visibility="public" complexity="1" crap="1" count="5"/>
      <line num="96" type="stmt" count="5"/>
      <line num="102" type="method" name="getProcessor" visibility="public" complexity="1" crap="1" count="1"/>
      <line num="104" type="stmt" count="1"/>
      <metrics loc="106" ncloc="80" classes="1" methods="10" coveredmethods="10" conditionals="0" coveredconditionals="0" statements="21" coveredstatements="21" elements="31" coveredelements="31"/>
    </file>
    <file name="/home/dani/Projects/atom/web/src/Pipeline/PipelineFactoryException.php">
      <class name="Atom\Framework\Pipeline\PipelineFactoryException" namespace="global">
        <metrics complexity="0" methods="0" coveredmethods="0" conditionals="0" coveredconditionals="0" statements="0" coveredstatements="0" elements="0" coveredelements="0"/>
      </class>
      <metrics loc="9" ncloc="9" classes="0" methods="0" coveredmethods="0" conditionals="0" coveredconditionals="0" statements="0" coveredstatements="0" elements="0" coveredelements="0"/>
    </file>
    <file name="/home/dani/Projects/atom/web/src/ServiceProvider.php">
      <class name="Atom\Framework\ServiceProvider" namespace="global">
        <metrics complexity="1" methods="1" coveredmethods="1" conditionals="0" coveredconditionals="0" statements="1" coveredstatements="1" elements="2" coveredelements="2"/>
      </class>
      <line num="10" type="method" name="fromCallable" visibility="public" complexity="1" crap="1" count="1"/>
      <line num="12" type="stmt" count="1"/>
      <metrics loc="14" ncloc="14" classes="1" methods="1" coveredmethods="1" conditionals="0" coveredconditionals="0" statements="1" coveredstatements="1" elements="2" coveredelements="2"/>
    </file>
    <file name="/home/dani/Projects/atom/web/src/WebServiceProvider.php">
      <class name="Atom\Framework\WebServiceProvider" namespace="global">
        <metrics complexity="30" methods="15" coveredmethods="14" conditionals="0" coveredconditionals="0" statements="72" coveredstatements="71" elements="87" coveredelements="85"/>
      </class>
      <line num="48" type="method" name="create" visibility="public" complexity="1" crap="1" count="20"/>
      <line num="50" type="stmt" count="20"/>
      <line num="61" type="method" name="register" visibility="public" complexity="1" crap="1" count="44"/>
      <line num="63" type="stmt" count="44"/>
      <line num="64" type="stmt" count="44"/>
      <line num="65" type="stmt" count="44"/>
      <line num="66" type="stmt" count="44"/>
      <line num="67" type="stmt" count="44"/>
      <line num="68" type="stmt" count="44"/>
      <line num="69" type="stmt" count="44"/>
      <line num="70" type="stmt" count="44"/>
      <line num="71" type="stmt" count="44"/>
      <line num="78" type="method" name="requestHandler" visibility="public" complexity="4" crap="4" count="16"/>
      <line num="80" type="stmt" count="16"/>
      <line num="81" type="stmt" count="12"/>
      <line num="83" type="stmt" count="4"/>
      <line num="84" type="stmt" count="1"/>
      <line num="86" type="stmt" count="1"/>
      <line num="89" type="stmt" count="4"/>
      <line num="90" type="stmt" count="4"/>
      <line num="97" type="method" name="emitter" visibility="public" complexity="4" crap="4" count="16"/>
      <line num="99" type="stmt" count="16"/>
      <line num="100" type="stmt" count="13"/>
      <line num="102" type="stmt" count="3"/>
      <line num="103" type="stmt" count="1"/>
      <line num="105" type="stmt" count="1"/>
      <line num="108" type="stmt" count="3"/>
      <line num="109" type="stmt" count="3"/>
      <line num="116" type="method" name="publicPath" visibility="public" complexity="1" crap="1" count="16"/>
      <line num="118" type="stmt" count="16"/>
      <line num="119" type="stmt" count="16"/>
      <line num="127" type="method" name="router" visibility="public" complexity="4" crap="4" count="16"/>
      <line num="129" type="stmt" count="16"/>
      <line num="130" type="stmt" count="13"/>
      <line num="132" type="stmt" count="3"/>
      <line num="133" type="stmt" count="1"/>
      <line num="135" type="stmt" count="1"/>
      <line num="138" type="stmt" count="3"/>
      <line num="139" type="stmt" count="3"/>
      <line num="146" type="method" name="provideDotEnv" visibility="private" complexity="1" crap="1" count="44"/>
      <line num="148" type="stmt" count="44"/>
      <line num="149" type="stmt" count="44"/>
      <line num="150" type="stmt" count="44"/>
      <line num="156" type="method" name="providePath" visibility="private" complexity="1" crap="1" count="44"/>
      <line num="158" type="stmt" count="44"/>
      <line num="159" type="stmt" count="44"/>
      <line num="160" type="stmt" count="44"/>
      <line num="161" type="stmt" count="44"/>
      <line num="170" type="method" name="provideRequestHandler" visibility="private" complexity="2" crap="2" count="44"/>
      <line num="172" type="stmt" count="44"/>
      <line num="173" type="stmt" count="44"/>
      <line num="174" type="stmt" count="44"/>
      <line num="175" type="stmt" count="44"/>
      <line num="176" type="stmt" count="2"/>
      <line num="178" type="stmt" count="44"/>
      <line num="179" type="stmt" count="44"/>
      <line num="188" type="method" name="providerRouting" visibility="private" complexity="2" crap="2" count="44"/>
      <line num="190" type="stmt" count="44"/>
      <line num="191" type="stmt" count="44"/>
      <line num="192" type="stmt" count="44"/>
      <line num="193" type="stmt" count="1"/>
      <line num="195" type="stmt" count="44"/>
      <line num="196" type="stmt" count="44"/>
      <line num="197" type="stmt" count="44"/>
      <line num="199" type="stmt" count="44"/>
      <line num="207" type="method" name="provideApp" visibility="private" complexity="1" crap="1" count="44"/>
      <line num="209" type="stmt" count="44"/>
      <line num="210" type="stmt" count="44"/>
      <line num="211" type="stmt" count="44"/>
      <line num="220" type="method" name="provideEmitter" visibility="private" complexity="1" crap="1" count="44"/>
      <line num="222" type="stmt" count="44"/>
      <line num="223" type="stmt" count="44"/>
      <line num="224" type="stmt" count="44"/>
      <line num="233" type="method" name="makeRouter" visibility="private" complexity="2" crap="2" count="44"/>
      <line num="235" type="stmt" count="44"/>
      <line num="236" type="stmt" count="41"/>
      <line num="238" type="stmt" count="3"/>
      <line num="248" type="method" name="makeEmitter" visibility="private" complexity="3" crap="3.07" count="44"/>
      <line num="250" type="stmt" count="44"/>
      <line num="251" type="stmt" count="41"/>
      <line num="253" type="stmt" count="3"/>
      <line num="254" type="stmt" count="0"/>
      <line num="256" type="stmt" count="3"/>
      <line num="266" type="method" name="makeRequestHandler" visibility="private" complexity="2" crap="2" count="44"/>
      <line num="268" type="stmt" count="44"/>
      <line num="269" type="stmt" count="40"/>
      <line num="271" type="stmt" count="4"/>
      <metrics loc="273" ncloc="181" classes="1" methods="15" coveredmethods="14" conditionals="0" coveredconditionals="0" statements="72" coveredstatements="71" elements="87" coveredelements="85"/>
    </file>
    <file name="/home/dani/Projects/atom/web/src/helpers.php">
      <line num="19" type="stmt" count="0"/>
      <line num="31" type="stmt" count="0"/>
      <line num="40" type="stmt" count="0"/>
      <metrics loc="42" ncloc="26" classes="0" methods="0" coveredmethods="0" conditionals="0" coveredconditionals="0" statements="3" coveredstatements="0" elements="3" coveredelements="0"/>
    </file>
    <metrics files="52" loc="3577" ncloc="2707" classes="34" methods="229" coveredmethods="220" conditionals="0" coveredconditionals="0" statements="636" coveredstatements="624" elements="865" coveredelements="844"/>
  </project>
</coverage>
